<?xml version="1.0" encoding="UTF-8"?>
<testng-results skipped="0" failed="0" ignored="0" total="1" passed="1">
  <reporter-output>
  </reporter-output>
  <suite name="Default suite" duration-ms="15376" started-at="2019-12-03T21:22:35 IST" finished-at="2019-12-03T21:22:50 IST">
    <groups>
    </groups>
    <test name="Default test" duration-ms="15376" started-at="2019-12-03T21:22:35 IST" finished-at="2019-12-03T21:22:50 IST">
      <class name="TestNG.INformation">
        <test-method status="PASS" signature="openurl()[pri:0, instance:TestNG.INformation@6d7b4f4c]" name="openurl" is-config="true" duration-ms="7923" started-at="2019-12-03T21:22:35 IST" finished-at="2019-12-03T21:22:43 IST">
          <reporter-output>
          </reporter-output>
        </test-method> <!-- openurl -->
        <test-method status="PASS" signature="login()[pri:0, instance:TestNG.INformation@6d7b4f4c]" name="login" duration-ms="7415" started-at="2019-12-03T21:22:43 IST" finished-at="2019-12-03T21:22:50 IST">
          <reporter-output>
          </reporter-output>
        </test-method> <!-- login -->
        <test-method status="PASS" signature="afterTest()[pri:0, instance:TestNG.INformation@6d7b4f4c]" name="afterTest" is-config="true" duration-ms="0" started-at="2019-12-03T21:22:50 IST" finished-at="2019-12-03T21:22:50 IST">
          <reporter-output>
          </reporter-output>
        </test-method> <!-- afterTest -->
      </class> <!-- TestNG.INformation -->
    </test> <!-- Default test -->
  </suite> <!-- Default suite -->
</testng-results>
