<?xml version="1.0" encoding="UTF-8"?>
<testng-results skipped="0" failed="0" ignored="0" total="1" passed="1">
  <reporter-output>
  </reporter-output>
  <suite name="Default suite" duration-ms="333751" started-at="2019-12-17T12:34:38 IST" finished-at="2019-12-17T12:40:12 IST">
    <groups>
    </groups>
    <test name="Default test" duration-ms="333751" started-at="2019-12-17T12:34:38 IST" finished-at="2019-12-17T12:40:12 IST">
      <class name="Mavenprograms.SpicejetMouseover">
        <test-method status="PASS" signature="openurl()[pri:0, instance:Mavenprograms.SpicejetMouseover@a7e666]" name="openurl" is-config="true" duration-ms="119485" started-at="2019-12-17T12:34:38 IST" finished-at="2019-12-17T12:36:38 IST">
          <reporter-output>
          </reporter-output>
        </test-method> <!-- openurl -->
        <test-method status="PASS" signature="mouseover()[pri:0, instance:Mavenprograms.SpicejetMouseover@a7e666]" name="mouseover" duration-ms="214182" started-at="2019-12-17T12:36:38 IST" finished-at="2019-12-17T12:40:12 IST">
          <reporter-output>
          </reporter-output>
        </test-method> <!-- mouseover -->
        <test-method status="PASS" signature="afterTest()[pri:0, instance:Mavenprograms.SpicejetMouseover@a7e666]" name="afterTest" is-config="true" duration-ms="1" started-at="2019-12-17T12:40:12 IST" finished-at="2019-12-17T12:40:12 IST">
          <reporter-output>
          </reporter-output>
        </test-method> <!-- afterTest -->
      </class> <!-- Mavenprograms.SpicejetMouseover -->
    </test> <!-- Default test -->
  </suite> <!-- Default suite -->
</testng-results>
