<?xml version="1.0" encoding="UTF-8"?>
<!-- Generated by org.testng.reporters.JUnitXMLReporter -->
<testsuite hostname="DESKTOP-4ICSQ0J" ignored="0" name="chrome test" tests="1" failures="0" timestamp="2019-12-16T15:43:58 IST" time="0.083" errors="0">
  <testcase name="@BeforeTest VerifyTitlepage" time="0.024" classname="Mavenprograms.CrossbrowserScript">
    <failure type="java.lang.NullPointerException">
      <![CDATA[java.lang.NullPointerException
at Mavenprograms.CrossbrowserScript.VerifyTitlepage(CrossbrowserScript.java:34)
... Removed 24 stack frames]]>
    </failure>
  </testcase> <!-- @BeforeTest VerifyTitlepage -->
  <testcase name="@AfterTest afterTest" time="-1.576491238778E9" classname="Mavenprograms.CrossbrowserScript">
    <skipped/>
  </testcase> <!-- @AfterTest afterTest -->
  <testcase name="testparameterwithxml" time="0.0" classname="Mavenprograms.CrossbrowserScript">
    <skipped/>
  </testcase> <!-- testparameterwithxml -->
</testsuite> <!-- chrome test -->
