<?xml version="1.0" encoding="UTF-8"?>
<!-- Generated by org.testng.reporters.JUnitXMLReporter -->
<testsuite hostname="DESKTOP-4ICSQ0J" ignored="0" name="test" tests="3" failures="0" timestamp="2019-11-22T11:37:29 IST" time="24.772" errors="0">
  <testcase name="f" time="6.944" classname="MYOWNPROGRAMS.Popup"/>
  <testcase name="loginoverfun" time="3.145" classname="MYOWNPROGRAMS.Mouseover"/>
  <testcase name="loginoverfun1" time="5.151" classname="MYOWNPROGRAMS.Mouseover"/>
</testsuite> <!-- test -->
