<?xml version="1.0" encoding="UTF-8"?>
<!-- Generated by org.testng.reporters.JUnitXMLReporter -->
<testsuite hostname="DESKTOP-4ICSQ0J" ignored="0" name="Test" tests="1" failures="0" timestamp="2019-12-16T11:10:01 IST" time="2.6" errors="0">
  <testcase name="@BeforeTest openurl" time="2.553" classname="PageObjectmodel.Repository">
    <failure type="java.lang.NullPointerException" message="null value in entry: url=null">
      <![CDATA[java.lang.NullPointerException: null value in entry: url=null
at com.google.common.collect.CollectPreconditions.checkEntryNotNull(CollectPreconditions.java:32)
at com.google.common.collect.SingletonImmutableBiMap.<init>(SingletonImmutableBiMap.java:42)
at com.google.common.collect.ImmutableBiMap.of(ImmutableBiMap.java:72)
at com.google.common.collect.ImmutableMap.of(ImmutableMap.java:124)
at org.openqa.selenium.remote.RemoteWebDriver.get(RemoteWebDriver.java:277)
at PageObjectmodel.Repository.openurl(Repository.java:27)
... Removed 24 stack frames]]>
    </failure>
  </testcase> <!-- @BeforeTest openurl -->
  <testcase name="@AfterTest afterTest" time="-1.576474801834E9" classname="PageObjectmodel.Repository">
    <skipped/>
  </testcase> <!-- @AfterTest afterTest -->
  <testcase name="login" time="0.0" classname="PageObjectmodel.Repository">
    <skipped/>
  </testcase> <!-- login -->
</testsuite> <!-- Test -->
